<?xml version="1.0" encoding="UTF-8"?>
<!-- Generated by org.testng.reporters.JUnitReportReporter -->
<testsuite hostname="DESKTOP-EF44SBG" failures="0" tests="2" name="Basic.TestNgNotationPractice" time="0.024" errors="0" timestamp="2024-10-24T21:03:52 IST" skipped="0">
  <testcase classname="Basic.TestNgNotationPractice" name="test2" time="0.009"/>
  <testcase classname="Basic.TestNgNotationPractice" name="test1" time="0.015"/>
</testsuite> <!-- Basic.TestNgNotationPractice -->
