<?xml version="1.0" encoding="UTF-8"?>
<!-- Generated by org.testng.reporters.JUnitReportReporter -->
<testsuite hostname="DESKTOP-EF44SBG" failures="0" tests="3" name="Basic.SwagLabsLoginTest" time="14.884" errors="0" timestamp="2024-10-24T20:53:18 IST" skipped="0">
  <testcase classname="Basic.SwagLabsLoginTest" name="validateLoginWithInvalidPassword" time="5.528"/>
  <testcase classname="Basic.SwagLabsLoginTest" name="validateLoginWithInvalidEmail" time="4.716"/>
  <testcase classname="Basic.SwagLabsLoginTest" name="validateLoginWithValidCredentials" time="4.640"/>
</testsuite> <!-- Basic.SwagLabsLoginTest -->
